<?xml version="1.0" encoding="UTF-8"?>
<!-- Generated by org.testng.reporters.JUnitXMLReporter -->
<testsuite hostname="LAPTOP-JEI8AS0O" ignored="1" name="Test" tests="2" failures="1" timestamp="16 Jun 2019 19:10:05 GMT" time="13.596" errors="0">
  <testcase name="testThree" time="0.053" classname="testcasestestng.SuccessFulLogin"/>
  <testcase name="testOne_SuccessfulLogin" time="2.705" classname="testcasestestng.SuccessFulLogin">
    <failure type="java.lang.AssertionError" message="expected [true] but found [false]">
      <![CDATA[java.lang.AssertionError: expected [true] but found [false]
at testcasestestng.SuccessFulLogin.testOne_SuccessfulLogin(SuccessFulLogin.java:39)
... Removed 29 stack frames]]>
    </failure>
  </testcase> <!-- testOne_SuccessfulLogin -->
  <testcase name="testTwo" time="0.0" classname="testcasestestng.SuccessFulLogin">
    <ignored/>
  </testcase> <!-- testTwo -->
</testsuite> <!-- Test -->
